<?xml version="1.0" encoding="UTF-8"?>
<!-- Generated by org.testng.reporters.JUnitXMLReporter -->
<testsuite ignored="0" hostname="AELNB007" failures="0" tests="3" name="Submit Order" time="38.759" errors="0" timestamp="2025-01-29T21:47:02 IST">
  <testcase classname="MPTech.SeleniumFrameworkDesign.BaseCodeOriginalmod" name="placeorder" time="5.611"/>
  <testcase classname="MPTech.SeleniumFrameworkDesign.BaseCodeOriginalmod" name="placeorder" time="16.783"/>
  <testcase classname="MPTech.SeleniumFrameworkDesign.BaseCodeOriginalmod" name="checkorderpage" time="0.798"/>
</testsuite> <!-- Submit Order -->
