<?xml version="1.0" encoding="UTF-8"?>
<!-- Generated by org.testng.reporters.JUnitXMLReporter -->
<testsuite ignored="0" hostname="AELNB007" failures="0" tests="2" name="ErrorValidation" time="24.971" errors="0" timestamp="2025-01-31T15:36:07 IST">
  <testcase classname="MPTech.SeleniumFrameworkDesign.ErrorValidation" name="loginerrorvalidation" time="0.871"/>
  <testcase classname="MPTech.SeleniumFrameworkDesign.ErrorValidation" name="producterrorvalidation" time="16.791"/>
</testsuite> <!-- ErrorValidation -->
