<?xml version="1.0" encoding="UTF-8"?>
<!-- Generated by org.testng.reporters.JUnitXMLReporter -->
<testsuite ignored="0" hostname="AELNB007" failures="0" tests="3" name="Submit Order" time="35.939" errors="0" timestamp="2025-01-31T15:35:41 IST">
  <testcase classname="MPTech.SeleniumFrameworkDesign.BaseCodeOriginalmod" name="placeorder" time="17.943"/>
  <testcase classname="MPTech.SeleniumFrameworkDesign.BaseCodeOriginalmod" name="placeorder" time="6.099"/>
  <testcase classname="MPTech.SeleniumFrameworkDesign.BaseCodeOriginalmod" name="checkorderpage" time="0.923"/>
</testsuite> <!-- Submit Order -->
